<?xml version="1.0" encoding="UTF-8"?>
<!-- Generated by org.testng.reporters.JUnitReportReporter -->
<testsuite hostname="TYSS-Vijayalaxmi" failures="0" tests="3" name="TestNG.DPExcnTest" time="0.005" errors="0" timestamp="2023-09-15T15:03:53 IST" skipped="0">
  <testcase classname="TestNG.DPExcnTest" name="getData" time="0.004"/>
  <system-out/>
  <testcase classname="TestNG.DPExcnTest" name="getData" time="0.001"/>
  <system-out/>
  <testcase classname="TestNG.DPExcnTest" name="getData" time="0.000"/>
  <system-out/>
</testsuite> <!-- TestNG.DPExcnTest -->
