<?xml version="1.0" encoding="UTF-8"?>
<!-- Generated by org.testng.reporters.JUnitReportReporter -->
<testsuite hostname="TYSS-Vijayalaxmi" failures="0" tests="1" name="com.Organization_Module.CreateOrgWIthAllFiledsTest" time="47.919" errors="0" timestamp="2023-09-19T11:06:07 IST" skipped="0">
  <testcase classname="com.Organization_Module.CreateOrgWIthAllFiledsTest" name="createOrgWIthAllFiledsTest" time="47.919"/>
  <system-out/>
</testsuite> <!-- com.Organization_Module.CreateOrgWIthAllFiledsTest -->
