<?xml version="1.0" encoding="UTF-8"?>
<!-- Generated by org.testng.reporters.JUnitReportReporter -->
<testsuite hostname="TYSS-Vijayalaxmi" failures="0" tests="1" name="com.Organization_Module.CreateOrgWIthAllFileds_POMTest" time="15.830" errors="0" timestamp="2023-09-21T11:40:29 IST" skipped="0">
  <testcase classname="com.Organization_Module.CreateOrgWIthAllFileds_POMTest" name="createOrgWIthAllFileds_POMTest" time="15.830"/>
  <system-out>
    <![CDATA[createOrgWIthAllFileds_POMTest---> Execution starts
createOrgWIthAllFileds_POMTest--- Testscript executed successfully]]>
  </system-out>
</testsuite> <!-- com.Organization_Module.CreateOrgWIthAllFileds_POMTest -->
