<?xml version="1.0" encoding="UTF-8"?>
<!-- Generated by org.testng.reporters.JUnitReportReporter -->
<testsuite hostname="TYSS-Vijayalaxmi" failures="0" tests="2" name="TestNG.Sample2" time="44.633" errors="0" timestamp="2023-09-18T21:44:49 IST" skipped="0">
  <testcase classname="TestNG.Sample2" name="te3" time="44.632"/>
  <system-out/>
  <testcase classname="TestNG.Sample2" name="te4" time="0.001"/>
  <system-out/>
</testsuite> <!-- TestNG.Sample2 -->
