<?xml version="1.0" encoding="UTF-8"?>
<!-- Generated by org.testng.reporters.JUnitReportReporter -->
<testsuite hostname="TYSS-Vijayalaxmi" failures="0" tests="2" name="TestNG.AnnotationsTest" time="0.007" errors="0" timestamp="2023-09-15T16:26:48 IST" skipped="0">
  <testcase classname="TestNG.AnnotationsTest" name="demo" time="0.005"/>
  <system-out/>
  <testcase classname="TestNG.AnnotationsTest" name="sample" time="0.002"/>
  <system-out/>
</testsuite> <!-- TestNG.AnnotationsTest -->
