<?xml version="1.0" encoding="UTF-8"?>
<!-- Generated by org.testng.reporters.JUnitReportReporter -->
<testsuite hostname="TYSS-Vijayalaxmi" failures="0" tests="2" name="TestNG.Sample1" time="105.201" errors="0" timestamp="2023-09-18T21:44:49 IST" skipped="0">
  <testcase classname="TestNG.Sample1" name="te1" time="105.200"/>
  <system-out/>
  <testcase classname="TestNG.Sample1" name="te2" time="0.001"/>
  <system-out/>
</testsuite> <!-- TestNG.Sample1 -->
