<?xml version="1.0" encoding="UTF-8"?>
<!-- Generated by org.testng.reporters.JUnitReportReporter -->
<testsuite hostname="TYSS-Vijayalaxmi" failures="0" tests="1" name="com.practicepackage.ReadDataFromCmdTest" time="0.009" errors="0" timestamp="2023-09-06T11:30:03 IST" skipped="0">
  <testcase classname="com.practicepackage.ReadDataFromCmdTest" name="cmdTest" time="0.009"/>
  <system-out/>
</testsuite> <!-- com.practicepackage.ReadDataFromCmdTest -->
