<?xml version="1.0" encoding="UTF-8"?>
<!-- Generated by org.testng.reporters.JUnitReportReporter -->
<testsuite hostname="TYSS-Vijayalaxmi" failures="0" tests="1" name="TestNG.Demo1Test" time="6.242" errors="0" timestamp="2023-09-19T16:06:38 IST" skipped="0">
  <testcase classname="TestNG.Demo1Test" name="demo1test" time="6.242"/>
  <system-out/>
</testsuite> <!-- TestNG.Demo1Test -->
