<?xml version="1.0" encoding="UTF-8"?>
<!-- Generated by org.testng.reporters.JUnitReportReporter -->
<testsuite hostname="TYSS-Vijayalaxmi" failures="0" tests="4" name="TestNG.DataProviderTest" time="0.010" errors="0" timestamp="2023-09-18T20:40:07 IST" skipped="0">
  <testcase classname="TestNG.DataProviderTest" name="getData" time="0.007"/>
  <system-out/>
  <testcase classname="TestNG.DataProviderTest" name="getData" time="0.001"/>
  <system-out/>
  <testcase classname="TestNG.DataProviderTest" name="getData" time="0.001"/>
  <system-out/>
  <testcase classname="TestNG.DataProviderTest" name="getData" time="0.001"/>
  <system-out/>
</testsuite> <!-- TestNG.DataProviderTest -->
