<?xml version="1.0" encoding="UTF-8"?>
<!-- Generated by org.testng.reporters.JUnitReportReporter -->
<testsuite hostname="TYSS-Vijayalaxmi" failures="0" tests="1" name="TestNG.Simple1Test" time="4.497" errors="0" timestamp="2023-09-19T16:06:38 IST" skipped="0">
  <testcase classname="TestNG.Simple1Test" name="simple1Test" time="4.497"/>
  <system-out/>
</testsuite> <!-- TestNG.Simple1Test -->
