<?xml version="1.0" encoding="UTF-8"?>
<!-- Generated by org.testng.reporters.JUnitReportReporter -->
<testsuite hostname="TYSS-Vijayalaxmi" failures="0" tests="1" name="com.practicepackage.cmdTest" time="0.004" errors="0" timestamp="2023-11-10T12:36:44 IST" skipped="0">
  <testcase classname="com.practicepackage.cmdTest" name="testt" time="0.004"/>
  <system-out/>
</testsuite> <!-- com.practicepackage.cmdTest -->
